<?xml version="1.0" encoding="UTF-8"?><testsuite errors="0" failures="1" name="testCases.DeleteUserTest" skipped="0" tests="1" time="0.19" timestamp="2022-10-17 01:52:00"><testcase classname="testCases.DeleteUserTest" name="Deleting the user details"><failure message="1 expectation failed.&#10;Expected status code &lt;200&gt; but was &lt;304&gt;.&#10;" type="java.lang.AssertionError">1 expectation failed.
Expected status code &lt;200&gt; but was &lt;304&gt;.
</failure><system-err>1 expectation failed.
Expected status code &lt;200&gt; but was &lt;304&gt;.
&#13;
io.restassured.internal.ResponseSpecificationImpl.validateResponseIfRequired(ResponseSpecificationImpl.groovy:696)&#13;
io.restassured.internal.ResponseSpecificationImpl.this$2$validateResponseIfRequired(ResponseSpecificationImpl.groovy)&#13;
io.restassured.internal.ResponseSpecificationImpl.statusCode(ResponseSpecificationImpl.groovy:135)&#13;
io.restassured.internal.ResponseSpecificationImpl.statusCode(ResponseSpecificationImpl.groovy:143)&#13;
io.restassured.internal.ValidatableResponseOptionsImpl.statusCode(ValidatableResponseOptionsImpl.java:89)&#13;
SerenitywithRestAssured@1.0-SNAPSHOT/steps.W2AAPISteps.validateStatusCodeToBe(W2AAPISteps.java:69)&#13;
SerenitywithRestAssured@1.0-SNAPSHOT/testCases.DeleteUserTest.deleteUserTest(DeleteUserTest.java:26)&#13;
</system-err></testcase></testsuite>